# JRE version: OpenJDK Runtime Environment Temurin-21.0.9+10 (21.0.9+10) (build 21.0.9+10-LTS)
# Java VM: OpenJDK 64-Bit Server VM Temurin-21.0.9+10 (21.0.9+10-LTS, mixed mode, sharing, tiered, compressed oops, compressed class ptrs, parallel gc, windows-amd64)
GC Precious Log:
 CardTable entry size: 512
 CPUs: 12 total, 12 available
 Memory: 32509M
 Large Page Support: Disabled
 NUMA Support: Disabled
 Compressed Oops: Enabled (32-bit)
 Alignments: Space 512K, Generation 512K, Heap 2M
 Heap Min Capacity: 100M
 Heap Initial Capacity: 100M
 Heap Max Capacity: 2G
 Pre-touch: Disabled
 Parallel Workers: 10
Heap:
 PSYoungGen      total 4096K, used 506K [0x00000000d5580000, 0x00000000d5b80000, 0x0000000100000000)
  eden space 3584K, 7% used [0x00000000d5580000,0x00000000d55c6938,0x00000000d5900000)
  from space 512K, 43% used [0x00000000d5b00000,0x00000000d5b38000,0x00000000d5b80000)
  to   space 512K, 0% used [0x00000000d5a80000,0x00000000d5a80000,0x00000000d5b00000)
 ParOldGen       total 334848K, used 334423K [0x0000000080000000, 0x0000000094700000, 0x00000000d5580000)
  object space 334848K, 99% used [0x0000000080000000,0x0000000094695da0,0x0000000094700000)
 Metaspace       used 91645K, committed 93312K, reserved 1179648K
  class space    used 9325K, committed 10112K, reserved 1048576K
GC Heap History (20 events):
Event: 31536.781 GC heap before
{Heap before GC invocations=9769 (full 9):
 PSYoungGen      total 6144K, used 5991K [0x00000000d5580000, 0x00000000d5f80000, 0x0000000100000000)
  eden space 3584K, 100% used [0x00000000d5580000,0x00000000d5900000,0x00000000d5900000)
  from space 2560K, 94% used [0x00000000d5d00000,0x00000000d5f59cf8,0x00000000d5f80000)
  to   space 3072K, 0% used [0x00000000d5980000,0x00000000d5980000,0x00000000d5c80000)
 ParOldGen       total 323584K, used 323416K [0x0000000080000000, 0x0000000093c00000, 0x00000000d5580000)
  object space 323584K, 99% used [0x0000000080000000,0x0000000093bd62b0,0x0000000093c00000)
 Metaspace       used 91644K, committed 93312K, reserved 1179648K
  class space    used 9325K, committed 10112K, reserved 1048576K
}
Event: 31536.783 GC heap after
{Heap after GC invocations=9769 (full 9):
 PSYoungGen      total 5120K, used 1264K [0x00000000d5580000, 0x00000000d5d80000, 0x0000000100000000)
  eden space 3584K, 0% used [0x00000000d5580000,0x00000000d5580000,0x00000000d5900000)
  from space 1536K, 82% used [0x00000000d5980000,0x00000000d5abc338,0x00000000d5b00000)
  to   space 2048K, 0% used [0x00000000d5b80000,0x00000000d5b80000,0x00000000d5d80000)
 ParOldGen       total 325632K, used 325552K [0x0000000080000000, 0x0000000093e00000, 0x00000000d5580000)
  object space 325632K, 99% used [0x0000000080000000,0x0000000093dec158,0x0000000093e00000)
 Metaspace       used 91644K, committed 93312K, reserved 1179648K
  class space    used 9325K, committed 10112K, reserved 1048576K
}
Event: 31536.802 GC heap before
{Heap before GC invocations=9770 (full 9):
 PSYoungGen      total 5120K, used 4848K [0x00000000d5580000, 0x00000000d5d80000, 0x0000000100000000)
  eden space 3584K, 100% used [0x00000000d5580000,0x00000000d5900000,0x00000000d5900000)
  from space 1536K, 82% used [0x00000000d5980000,0x00000000d5abc338,0x00000000d5b00000)
  to   space 2048K, 0% used [0x00000000d5b80000,0x00000000d5b80000,0x00000000d5d80000)
 ParOldGen       total 325632K, used 325552K [0x0000000080000000, 0x0000000093e00000, 0x00000000d5580000)
  object space 325632K, 99% used [0x0000000080000000,0x0000000093dec158,0x0000000093e00000)
 Metaspace       used 91644K, committed 93312K, reserved 1179648K
  class space    used 9325K, committed 10112K, reserved 1048576K
}
Event: 31536.803 GC heap after
{Heap after GC invocations=9770 (full 9):
 PSYoungGen      total 4608K, used 628K [0x00000000d5580000, 0x00000000d5c80000, 0x0000000100000000)
  eden space 3584K, 0% used [0x00000000d5580000,0x00000000d5580000,0x00000000d5900000)
  from space 1024K, 61% used [0x00000000d5b80000,0x00000000d5c1d200,0x00000000d5c80000)
  to   space 1024K, 0% used [0x00000000d5a80000,0x00000000d5a80000,0x00000000d5b80000)
 ParOldGen       total 326656K, used 326348K [0x0000000080000000, 0x0000000093f00000, 0x00000000d5580000)
  object space 326656K, 99% used [0x0000000080000000,0x0000000093eb3180,0x0000000093f00000)
 Metaspace       used 91644K, committed 93312K, reserved 1179648K
  class space    used 9325K, committed 10112K, reserved 1048576K
}
Event: 31536.809 GC heap before
{Heap before GC invocations=9771 (full 9):
 PSYoungGen      total 4608K, used 4085K [0x00000000d5580000, 0x00000000d5c80000, 0x0000000100000000)
  eden space 3584K, 96% used [0x00000000d5580000,0x00000000d58e04f8,0x00000000d5900000)
  from space 1024K, 61% used [0x00000000d5b80000,0x00000000d5c1d200,0x00000000d5c80000)
  to   space 1024K, 0% used [0x00000000d5a80000,0x00000000d5a80000,0x00000000d5b80000)
 ParOldGen       total 326656K, used 326348K [0x0000000080000000, 0x0000000093f00000, 0x00000000d5580000)
  object space 326656K, 99% used [0x0000000080000000,0x0000000093eb3180,0x0000000093f00000)
 Metaspace       used 91644K, committed 93312K, reserved 1179648K
  class space    used 9325K, committed 10112K, reserved 1048576K
}
Event: 31536.810 GC heap after
{Heap after GC invocations=9771 (full 9):
 PSYoungGen      total 4608K, used 1020K [0x00000000d5580000, 0x00000000d5f00000, 0x0000000100000000)
  eden space 3584K, 0% used [0x00000000d5580000,0x00000000d5580000,0x00000000d5900000)
  from space 1024K, 99% used [0x00000000d5a80000,0x00000000d5b7f090,0x00000000d5b80000)
  to   space 3072K, 0% used [0x00000000d5c00000,0x00000000d5c00000,0x00000000d5f00000)
 ParOldGen       total 328192K, used 327836K [0x0000000080000000, 0x0000000094080000, 0x00000000d5580000)
  object space 328192K, 99% used [0x0000000080000000,0x0000000094027058,0x0000000094080000)
 Metaspace       used 91644K, committed 93312K, reserved 1179648K
  class space    used 9325K, committed 10112K, reserved 1048576K
}
Event: 31536.815 GC heap before
{Heap before GC invocations=9772 (full 9):
 PSYoungGen      total 4608K, used 4450K [0x00000000d5580000, 0x00000000d5f00000, 0x0000000100000000)
  eden space 3584K, 95% used [0x00000000d5580000,0x00000000d58d9ac8,0x00000000d5900000)
  from space 1024K, 99% used [0x00000000d5a80000,0x00000000d5b7f090,0x00000000d5b80000)
  to   space 3072K, 0% used [0x00000000d5c00000,0x00000000d5c00000,0x00000000d5f00000)
 ParOldGen       total 328192K, used 327836K [0x0000000080000000, 0x0000000094080000, 0x00000000d5580000)
  object space 328192K, 99% used [0x0000000080000000,0x0000000094027058,0x0000000094080000)
 Metaspace       used 91644K, committed 93312K, reserved 1179648K
  class space    used 9325K, committed 10112K, reserved 1048576K
}
Event: 31536.816 GC heap after
{Heap after GC invocations=9772 (full 9):
 PSYoungGen      total 6656K, used 2875K [0x00000000d5580000, 0x00000000d5f00000, 0x0000000100000000)
  eden space 3584K, 0% used [0x00000000d5580000,0x00000000d5580000,0x00000000d5900000)
  from space 3072K, 93% used [0x00000000d5c00000,0x00000000d5ecee40,0x00000000d5f00000)
  to   space 3072K, 0% used [0x00000000d5900000,0x00000000d5900000,0x00000000d5c00000)
 ParOldGen       total 329216K, used 328908K [0x0000000080000000, 0x0000000094180000, 0x00000000d5580000)
  object space 329216K, 99% used [0x0000000080000000,0x00000000941333a0,0x0000000094180000)
 Metaspace       used 91644K, committed 93312K, reserved 1179648K
  class space    used 9325K, committed 10112K, reserved 1048576K
}
Event: 31536.823 GC heap before
{Heap before GC invocations=9773 (full 9):
 PSYoungGen      total 6656K, used 6419K [0x00000000d5580000, 0x00000000d5f00000, 0x0000000100000000)
  eden space 3584K, 98% used [0x00000000d5580000,0x00000000d58f6048,0x00000000d5900000)
  from space 3072K, 93% used [0x00000000d5c00000,0x00000000d5ecee40,0x00000000d5f00000)
  to   space 3072K, 0% used [0x00000000d5900000,0x00000000d5900000,0x00000000d5c00000)
 ParOldGen       total 329216K, used 328908K [0x0000000080000000, 0x0000000094180000, 0x00000000d5580000)
  object space 329216K, 99% used [0x0000000080000000,0x00000000941333a0,0x0000000094180000)
 Metaspace       used 91644K, committed 93312K, reserved 1179648K
  class space    used 9325K, committed 10112K, reserved 1048576K
}
Event: 31536.824 GC heap after
{Heap after GC invocations=9773 (full 9):
 PSYoungGen      total 6144K, used 2120K [0x00000000d5580000, 0x00000000d5e00000, 0x0000000100000000)
  eden space 3584K, 0% used [0x00000000d5580000,0x00000000d5580000,0x00000000d5900000)
  from space 2560K, 82% used [0x00000000d5900000,0x00000000d5b12140,0x00000000d5b80000)
  to   space 2560K, 0% used [0x00000000d5b80000,0x00000000d5b80000,0x00000000d5e00000)
 ParOldGen       total 331776K, used 331632K [0x0000000080000000, 0x0000000094400000, 0x00000000d5580000)
  object space 331776K, 99% used [0x0000000080000000,0x00000000943dc0d0,0x0000000094400000)
 Metaspace       used 91644K, committed 93312K, reserved 1179648K
  class space    used 9325K, committed 10112K, reserved 1048576K
}
Event: 31536.829 GC heap before
{Heap before GC invocations=9774 (full 9):
 PSYoungGen      total 6144K, used 5704K [0x00000000d5580000, 0x00000000d5e00000, 0x0000000100000000)
  eden space 3584K, 100% used [0x00000000d5580000,0x00000000d5900000,0x00000000d5900000)
  from space 2560K, 82% used [0x00000000d5900000,0x00000000d5b12140,0x00000000d5b80000)
  to   space 2560K, 0% used [0x00000000d5b80000,0x00000000d5b80000,0x00000000d5e00000)
 ParOldGen       total 331776K, used 331632K [0x0000000080000000, 0x0000000094400000, 0x00000000d5580000)
  object space 331776K, 99% used [0x0000000080000000,0x00000000943dc0d0,0x0000000094400000)
 Metaspace       used 91644K, committed 93312K, reserved 1179648K
  class space    used 9325K, committed 10112K, reserved 1048576K
}
Event: 31536.831 GC heap after
{Heap after GC invocations=9774 (full 9):
 PSYoungGen      total 4608K, used 864K [0x00000000d5580000, 0x00000000d5c80000, 0x0000000100000000)
  eden space 3584K, 0% used [0x00000000d5580000,0x00000000d5580000,0x00000000d5900000)
  from space 1024K, 84% used [0x00000000d5b80000,0x00000000d5c58000,0x00000000d5c80000)
  to   space 1536K, 0% used [0x00000000d5980000,0x00000000d5980000,0x00000000d5b00000)
 ParOldGen       total 333824K, used 333527K [0x0000000080000000, 0x0000000094600000, 0x00000000d5580000)
  object space 333824K, 99% used [0x0000000080000000,0x00000000945b5c80,0x0000000094600000)
 Metaspace       used 91644K, committed 93312K, reserved 1179648K
  class space    used 9325K, committed 10112K, reserved 1048576K
}
Event: 31537.167 GC heap before
{Heap before GC invocations=9775 (full 9):
 PSYoungGen      total 4608K, used 4448K [0x00000000d5580000, 0x00000000d5c80000, 0x0000000100000000)
  eden space 3584K, 100% used [0x00000000d5580000,0x00000000d5900000,0x00000000d5900000)
  from space 1024K, 84% used [0x00000000d5b80000,0x00000000d5c58000,0x00000000d5c80000)
  to   space 1536K, 0% used [0x00000000d5980000,0x00000000d5980000,0x00000000d5b00000)
 ParOldGen       total 333824K, used 333527K [0x0000000080000000, 0x0000000094600000, 0x00000000d5580000)
  object space 333824K, 99% used [0x0000000080000000,0x00000000945b5c80,0x0000000094600000)
 Metaspace       used 91644K, committed 93312K, reserved 1179648K
  class space    used 9325K, committed 10112K, reserved 1048576K
}
Event: 31537.171 GC heap after
{Heap after GC invocations=9775 (full 9):
 PSYoungGen      total 5120K, used 634K [0x00000000d5580000, 0x00000000d5c00000, 0x0000000100000000)
  eden space 3584K, 0% used [0x00000000d5580000,0x00000000d5580000,0x00000000d5900000)
  from space 1536K, 41% used [0x00000000d5980000,0x00000000d5a1e900,0x00000000d5b00000)
  to   space 1024K, 0% used [0x00000000d5b00000,0x00000000d5b00000,0x00000000d5c00000)
 ParOldGen       total 334336K, used 334224K [0x0000000080000000, 0x0000000094680000, 0x00000000d5580000)
  object space 334336K, 99% used [0x0000000080000000,0x00000000946642f8,0x0000000094680000)
 Metaspace       used 91644K, committed 93312K, reserved 1179648K
  class space    used 9325K, committed 10112K, reserved 1048576K
}
Event: 31537.175 GC heap before
{Heap before GC invocations=9776 (full 9):
 PSYoungGen      total 5120K, used 4218K [0x00000000d5580000, 0x00000000d5c00000, 0x0000000100000000)
  eden space 3584K, 100% used [0x00000000d5580000,0x00000000d5900000,0x00000000d5900000)
  from space 1536K, 41% used [0x00000000d5980000,0x00000000d5a1e900,0x00000000d5b00000)
  to   space 1024K, 0% used [0x00000000d5b00000,0x00000000d5b00000,0x00000000d5c00000)
 ParOldGen       total 334336K, used 334224K [0x0000000080000000, 0x0000000094680000, 0x00000000d5580000)
  object space 334336K, 99% used [0x0000000080000000,0x00000000946642f8,0x0000000094680000)
 Metaspace       used 91644K, committed 93312K, reserved 1179648K
  class space    used 9325K, committed 10112K, reserved 1048576K
}
Event: 31537.177 GC heap after
{Heap after GC invocations=9776 (full 9):
 PSYoungGen      total 4608K, used 596K [0x00000000d5580000, 0x00000000d5c00000, 0x0000000100000000)
  eden space 3584K, 0% used [0x00000000d5580000,0x00000000d5580000,0x00000000d5900000)
  from space 1024K, 58% used [0x00000000d5b00000,0x00000000d5b95200,0x00000000d5c00000)
  to   space 1024K, 0% used [0x00000000d5a00000,0x00000000d5a00000,0x00000000d5b00000)
 ParOldGen       total 334848K, used 334359K [0x0000000080000000, 0x0000000094700000, 0x00000000d5580000)
  object space 334848K, 99% used [0x0000000080000000,0x0000000094685da0,0x0000000094700000)
 Metaspace       used 91644K, committed 93312K, reserved 1179648K
  class space    used 9325K, committed 10112K, reserved 1048576K
}
Event: 31542.675 GC heap before
{Heap before GC invocations=9777 (full 9):
 PSYoungGen      total 4608K, used 4180K [0x00000000d5580000, 0x00000000d5c00000, 0x0000000100000000)
  eden space 3584K, 100% used [0x00000000d5580000,0x00000000d5900000,0x00000000d5900000)
  from space 1024K, 58% used [0x00000000d5b00000,0x00000000d5b95200,0x00000000d5c00000)
  to   space 1024K, 0% used [0x00000000d5a00000,0x00000000d5a00000,0x00000000d5b00000)
 ParOldGen       total 334848K, used 334359K [0x0000000080000000, 0x0000000094700000, 0x00000000d5580000)
  object space 334848K, 99% used [0x0000000080000000,0x0000000094685da0,0x0000000094700000)
 Metaspace       used 91644K, committed 93312K, reserved 1179648K
  class space    used 9325K, committed 10112K, reserved 1048576K
}
Event: 31542.676 GC heap after
{Heap after GC invocations=9777 (full 9):
 PSYoungGen      total 4608K, used 224K [0x00000000d5580000, 0x00000000d5b80000, 0x0000000100000000)
  eden space 3584K, 0% used [0x00000000d5580000,0x00000000d5580000,0x00000000d5900000)
  from space 1024K, 21% used [0x00000000d5a00000,0x00000000d5a38000,0x00000000d5b00000)
  to   space 512K, 0% used [0x00000000d5b00000,0x00000000d5b00000,0x00000000d5b80000)
 ParOldGen       total 334848K, used 334407K [0x0000000080000000, 0x0000000094700000, 0x00000000d5580000)
  object space 334848K, 99% used [0x0000000080000000,0x0000000094691da0,0x0000000094700000)
 Metaspace       used 91644K, committed 93312K, reserved 1179648K
  class space    used 9325K, committed 10112K, reserved 1048576K
}
Event: 32051.463 GC heap before
{Heap before GC invocations=9778 (full 9):
 PSYoungGen      total 4608K, used 3807K [0x00000000d5580000, 0x00000000d5b80000, 0x0000000100000000)
  eden space 3584K, 99% used [0x00000000d5580000,0x00000000d58fffe0,0x00000000d5900000)
  from space 1024K, 21% used [0x00000000d5a00000,0x00000000d5a38000,0x00000000d5b00000)
  to   space 512K, 0% used [0x00000000d5b00000,0x00000000d5b00000,0x00000000d5b80000)
 ParOldGen       total 334848K, used 334407K [0x0000000080000000, 0x0000000094700000, 0x00000000d5580000)
  object space 334848K, 99% used [0x0000000080000000,0x0000000094691da0,0x0000000094700000)
 Metaspace       used 91645K, committed 93312K, reserved 1179648K
  class space    used 9325K, committed 10112K, reserved 1048576K
}
Event: 32069.683 GC heap after
{Heap after GC invocations=9778 (full 9):
 PSYoungGen      total 4096K, used 224K [0x00000000d5580000, 0x00000000d5b80000, 0x0000000100000000)
  eden space 3584K, 0% used [0x00000000d5580000,0x00000000d5580000,0x00000000d5900000)
  from space 512K, 43% used [0x00000000d5b00000,0x00000000d5b38000,0x00000000d5b80000)
  to   space 512K, 0% used [0x00000000d5a80000,0x00000000d5a80000,0x00000000d5b00000)
 ParOldGen       total 334848K, used 334423K [0x0000000080000000, 0x0000000094700000, 0x00000000d5580000)
  object space 334848K, 99% used [0x0000000080000000,0x0000000094695da0,0x0000000094700000)
 Metaspace       used 91645K, committed 93312K, reserved 1179648K
  class space    used 9325K, committed 10112K, reserved 1048576K
}

